{"/Users/DoronHomeFolder/Sites/factom/rollup-starter-lib/lib/api.js": {"path":"/Users/DoronHomeFolder/Sites/factom/rollup-starter-lib/lib/api.js","statementMap":{"0":{"start":{"line":5,"column":25},"end":{"line":9,"column":2}},"1":{"start":{"line":5,"column":41},"end":{"line":9,"column":1}},"2":{"start":{"line":13,"column":4},"end":{"line":13,"column":88}},"3":{"start":{"line":13,"column":33},"end":{"line":13,"column":88}},"4":{"start":{"line":14,"column":4},"end":{"line":14,"column":78}},"5":{"start":{"line":14,"column":30},"end":{"line":14,"column":78}},"6":{"start":{"line":16,"column":4},"end":{"line":16,"column":35}},"7":{"start":{"line":17,"column":4},"end":{"line":17,"column":43}},"8":{"start":{"line":21,"column":18},"end":{"line":21,"column":44}},"9":{"start":{"line":22,"column":20},"end":{"line":22,"column":54}},"10":{"start":{"line":23,"column":15},"end":{"line":23,"column":17}},"11":{"start":{"line":25,"column":4},"end":{"line":29,"column":5}},"12":{"start":{"line":26,"column":6},"end":{"line":26,"column":18}},"13":{"start":{"line":27,"column":11},"end":{"line":29,"column":5}},"14":{"start":{"line":28,"column":6},"end":{"line":28,"column":72}},"15":{"start":{"line":30,"column":4},"end":{"line":47,"column":5}},"16":{"start":{"line":31,"column":23},"end":{"line":35,"column":8}},"17":{"start":{"line":36,"column":6},"end":{"line":38,"column":7}},"18":{"start":{"line":37,"column":8},"end":{"line":37,"column":29}},"19":{"start":{"line":38,"column":8},"end":{"line":43,"column":7}},"20":{"start":{"line":39,"column":8},"end":{"line":42,"column":12}},"21":{"start":{"line":44,"column":6},"end":{"line":44,"column":16}},"22":{"start":{"line":46,"column":6},"end":{"line":46,"column":18}}},"fnMap":{"0":{"name":"(anonymous_0)","decl":{"start":{"line":5,"column":25},"end":{"line":5,"column":26}},"loc":{"start":{"line":5,"column":41},"end":{"line":9,"column":1}},"line":5},"1":{"name":"(anonymous_1)","decl":{"start":{"line":12,"column":2},"end":{"line":12,"column":3}},"loc":{"start":{"line":12,"column":23},"end":{"line":18,"column":3}},"line":12},"2":{"name":"(anonymous_2)","decl":{"start":{"line":20,"column":2},"end":{"line":20,"column":3}},"loc":{"start":{"line":20,"column":37},"end":{"line":48,"column":3}},"line":20}},"branchMap":{"0":{"loc":{"start":{"line":13,"column":4},"end":{"line":13,"column":88}},"type":"if","locations":[{"start":{"line":13,"column":4},"end":{"line":13,"column":88}},{"start":{"line":13,"column":4},"end":{"line":13,"column":88}}],"line":13},"1":{"loc":{"start":{"line":14,"column":4},"end":{"line":14,"column":78}},"type":"if","locations":[{"start":{"line":14,"column":4},"end":{"line":14,"column":78}},{"start":{"line":14,"column":4},"end":{"line":14,"column":78}}],"line":14},"2":{"loc":{"start":{"line":20,"column":26},"end":{"line":20,"column":35}},"type":"default-arg","locations":[{"start":{"line":20,"column":33},"end":{"line":20,"column":35}}],"line":20},"3":{"loc":{"start":{"line":25,"column":4},"end":{"line":29,"column":5}},"type":"if","locations":[{"start":{"line":25,"column":4},"end":{"line":29,"column":5}},{"start":{"line":25,"column":4},"end":{"line":29,"column":5}}],"line":25},"4":{"loc":{"start":{"line":27,"column":11},"end":{"line":29,"column":5}},"type":"if","locations":[{"start":{"line":27,"column":11},"end":{"line":29,"column":5}},{"start":{"line":27,"column":11},"end":{"line":29,"column":5}}],"line":27},"5":{"loc":{"start":{"line":27,"column":15},"end":{"line":27,"column":70}},"type":"binary-expr","locations":[{"start":{"line":27,"column":15},"end":{"line":27,"column":39}},{"start":{"line":27,"column":43},"end":{"line":27,"column":70}}],"line":27},"6":{"loc":{"start":{"line":36,"column":6},"end":{"line":38,"column":7}},"type":"if","locations":[{"start":{"line":36,"column":6},"end":{"line":38,"column":7}},{"start":{"line":36,"column":6},"end":{"line":38,"column":7}}],"line":36},"7":{"loc":{"start":{"line":36,"column":10},"end":{"line":36,"column":58}},"type":"binary-expr","locations":[{"start":{"line":36,"column":10},"end":{"line":36,"column":32}},{"start":{"line":36,"column":36},"end":{"line":36,"column":58}}],"line":36},"8":{"loc":{"start":{"line":38,"column":8},"end":{"line":43,"column":7}},"type":"if","locations":[{"start":{"line":38,"column":8},"end":{"line":43,"column":7}},{"start":{"line":38,"column":8},"end":{"line":43,"column":7}}],"line":38}},"s":{"0":1,"1":8,"2":4,"3":1,"4":3,"5":1,"6":2,"7":2,"8":8,"9":8,"10":8,"11":8,"12":3,"13":5,"14":1,"15":8,"16":8,"17":6,"18":3,"19":3,"20":2,"21":1,"22":2},"f":{"0":8,"1":4,"2":8},"b":{"0":[1,3],"1":[1,2],"2":[4],"3":[3,5],"4":[1,4],"5":[5,1],"6":[3,3],"7":[6,6],"8":[2,1]},"_coverageSchema":"332fd63041d2c1bcb487cc26dd0d5f7d97098a6c","hash":"77f0319a99646c832d900bd3d1dcbd2a4fe93dcd"}
}
